Flutter crash report.
Please report a bug at https://github.com/flutter/flutter/issues.

## command

flutter run --machine --start-paused -d QV710X4A1U --devtools-server-address http://127.0.0.1:9100/ --target /home/capsvelte/Projects/dompet/mobile/lib/main.dart

## exception

FormatException: FormatException: Unexpected character (at character 1)
../../runtime/vm/os_thread.cc: 348: error: Could not start thread DartWorke...
^


```
#0      _ChunkedJsonParser.fail (dart:convert-patch/convert_patch.dart:1467:5)
#1      _ChunkedJsonParser.parseNumber (dart:convert-patch/convert_patch.dart:1333:9)
#2      _ChunkedJsonParser.parse (dart:convert-patch/convert_patch.dart:935:22)
#3      _JsonStringDecoderSink.addSlice (dart:convert-patch/convert_patch.dart:1555:13)
#4      _JsonStringDecoderSink.add (dart:convert-patch/convert_patch.dart:1560:5)
#5      _ConverterStreamEventSink.add (dart:convert/chunked_conversion.dart:70:18)
#6      _SinkTransformerStreamSubscription._handleData (dart:async/stream_transformers.dart:115:24)
#7      _rootRunUnary (dart:async/zone.dart:1538:47)
#8      _CustomZone.runUnary (dart:async/zone.dart:1429:19)
#9      _CustomZone.runUnaryGuarded (dart:async/zone.dart:1329:7)
#10     _BufferingStreamSubscription._sendData (dart:async/stream_impl.dart:381:11)
#11     _BufferingStreamSubscription._add (dart:async/stream_impl.dart:312:7)
#12     _SinkTransformerStreamSubscription._add (dart:async/stream_transformers.dart:67:11)
#13     _EventSinkWrapper.add (dart:async/stream_transformers.dart:13:11)
#14     _StringAdapterSink.add (dart:convert/string_conversion.dart:228:11)
#15     _StringAdapterSink.addSlice (dart:convert/string_conversion.dart:233:7)
#16     _Utf8ConversionSink.addSlice (dart:convert/string_conversion.dart:313:20)
#17     _Utf8ConversionSink.add (dart:convert/string_conversion.dart:306:5)
#18     _ConverterStreamEventSink.add (dart:convert/chunked_conversion.dart:70:18)
#19     _SinkTransformerStreamSubscription._handleData (dart:async/stream_transformers.dart:115:24)
#20     _rootRunUnary (dart:async/zone.dart:1538:47)
#21     _CustomZone.runUnary (dart:async/zone.dart:1429:19)
#22     _CustomZone.runUnaryGuarded (dart:async/zone.dart:1329:7)
#23     _BufferingStreamSubscription._sendData (dart:async/stream_impl.dart:381:11)
#24     _BufferingStreamSubscription._add (dart:async/stream_impl.dart:312:7)
#25     _SyncStreamControllerDispatch._sendData (dart:async/stream_controller.dart:798:19)
#26     _StreamController._add (dart:async/stream_controller.dart:663:7)
#27     _StreamController.add (dart:async/stream_controller.dart:618:5)
#28     _Socket._onData (dart:io-patch/socket_patch.dart:2912:41)
#29     _rootRunUnary (dart:async/zone.dart:1546:13)
#30     _CustomZone.runUnary (dart:async/zone.dart:1429:19)
#31     _CustomZone.runUnaryGuarded (dart:async/zone.dart:1329:7)
#32     _BufferingStreamSubscription._sendData (dart:async/stream_impl.dart:381:11)
#33     _BufferingStreamSubscription._add (dart:async/stream_impl.dart:312:7)
#34     _SyncStreamControllerDispatch._sendData (dart:async/stream_controller.dart:798:19)
#35     _StreamController._add (dart:async/stream_controller.dart:663:7)
#36     _StreamController.add (dart:async/stream_controller.dart:618:5)
#37     new _RawSocket.<anonymous closure> (dart:io-patch/socket_patch.dart:2331:31)
#38     _NativeSocket.issueReadEvent.issue (dart:io-patch/socket_patch.dart:1655:14)
#39     _microtaskLoop (dart:async/schedule_microtask.dart:40:35)
#40     _startMicrotaskLoop (dart:async/schedule_microtask.dart:49:5)
#41     _runPendingImmediateCallback (dart:isolate-patch/isolate_patch.dart:127:13)
#42     _RawReceivePort._handleMessage (dart:isolate-patch/isolate_patch.dart:194:5)
```

## flutter doctor

```
[✓] Flutter (Channel stable, 3.35.3, on Fedora Linux 42 (Workstation Edition) 6.16.7-200.fc42.x86_64, locale C) [1,182ms]
    • Flutter version 3.35.3 on channel stable at /home/capsvelte/development/flutter
    • Upstream repository https://github.com/flutter/flutter.git
    • Framework revision a402d9a437 (2 weeks ago), 2025-09-03 14:54:31 -0700
    • Engine revision ddf47dd3ff
    • Dart version 3.9.2
    • DevTools version 2.48.0
    • Feature flags: no-enable-web, no-enable-linux-desktop, no-enable-macos-desktop, no-enable-windows-desktop, enable-android, no-enable-ios, cli-animations, enable-lldb-debugging

[!] Android toolchain - develop for Android devices (Android SDK version 35.0.0) [11.7s]
    • Android SDK at /home/capsvelte/Android/Sdk
    • Emulator version 35.2.10.0 (build_id 12414864) (CL:N/A)
    • Platform android-36, build-tools 35.0.0
    • ANDROID_HOME = /home/capsvelte/Android/Sdk
    • Java binary at: /opt/android-studio/jbr/bin/java
      This is the JDK bundled with the latest Android Studio installation on this machine.
      To manually set the JDK path, use: `flutter config --jdk-dir="path/to/jdk"`.
    • Java version OpenJDK Runtime Environment (build 21.0.3+-12282718-b509.11)
    ! Some Android licenses not accepted. To resolve this, run: flutter doctor --android-licenses

[✓] Android Studio (version 2024.2) [14ms]
    • Android Studio at /opt/android-studio
    • Flutter plugin can be installed from:
      🔨 https://plugins.jetbrains.com/plugin/9212-flutter
    • Dart plugin can be installed from:
      🔨 https://plugins.jetbrains.com/plugin/6351-dart
    • Java version OpenJDK Runtime Environment (build 21.0.3+-12282718-b509.11)

[✓] VS Code (version 1.104.0) [6ms]
    • VS Code at /usr/share/code
    • Flutter extension version 3.118.0

[✓] Connected device (1 available) [459ms]
    • SO 03L (mobile) • QV710X4A1U • android-arm64 • Android 11 (API 30)

[✓] Network resources [663ms]
    • All expected network resources are available.

! Doctor found issues in 1 category.
```
